app/build/intermediates/manifest_merge_blame_file/debug/manifest-merger-blame-debug-report.txt
1<?xml version="1.0" encoding="utf-8"?>
2<manifest xmlns:android="http://schemas.android.com/apk/res/android"
3    package="com.example.myapplication"
4    android:versionCode="1"
5    android:versionName="1.0" >
6
7    <uses-sdk
8        android:minSdkVersion="16"
8-->src\main\AndroidManifest.xml
9        android:targetSdkVersion="30" />
9-->src\main\AndroidManifest.xml
10
11    <uses-permission android:name="android.permission.WRITE_EXTERNAL_STORAGE" />
11-->src\main\AndroidManifest.xml:4:5-81
11-->src\main\AndroidManifest.xml:4:22-78
12    <uses-permission android:name="android.permission.READ_EXTERNAL_STORAGE" />
12-->src\main\AndroidManifest.xml:5:5-80
12-->src\main\AndroidManifest.xml:5:22-77
13    <uses-permission android:name="android.permission.CAMERA" />
13-->src\main\AndroidManifest.xml:6:5-65
13-->src\main\AndroidManifest.xml:6:22-62
14
15    <application
15-->src\main\AndroidManifest.xml:8:5-38:19
16        android:allowBackup="true"
16-->src\main\AndroidManifest.xml:9:9-35
17        android:appComponentFactory="androidx.core.app.CoreComponentFactory"
17-->[androidx.core:core:1.3.1] AndroidManifest.xml:24:18-86
18        android:debuggable="true"
19        android:icon="@drawable/gold_ball"
19-->src\main\AndroidManifest.xml:10:9-43
20        android:label="@string/app_name"
20-->src\main\AndroidManifest.xml:11:9-41
21        android:roundIcon="@drawable/gold_ball"
21-->src\main\AndroidManifest.xml:12:9-48
22        android:supportsRtl="true"
22-->src\main\AndroidManifest.xml:13:9-35
23        android:testOnly="true"
24        android:theme="@style/Theme.MyApplication" >
24-->src\main\AndroidManifest.xml:14:9-51
25        <meta-data
25-->src\main\AndroidManifest.xml:15:9-17:43
26            android:name="DATABASE"
26-->src\main\AndroidManifest.xml:16:13-36
27            android:value="stations.db" />
27-->src\main\AndroidManifest.xml:17:13-40
28        <meta-data
28-->src\main\AndroidManifest.xml:18:9-20:33
29            android:name="VERSION"
29-->src\main\AndroidManifest.xml:19:13-35
30            android:value="9" />
30-->src\main\AndroidManifest.xml:20:13-30
31        <meta-data
31-->src\main\AndroidManifest.xml:21:9-23:36
32            android:name="QUERY_LOG"
32-->src\main\AndroidManifest.xml:22:13-37
33            android:value="true" />
33-->src\main\AndroidManifest.xml:23:13-33
34
35        <activity android:name="com.example.myapplication.MainActivity" >
35-->src\main\AndroidManifest.xml:24:9-30:20
35-->src\main\AndroidManifest.xml:24:19-47
36            <intent-filter>
36-->src\main\AndroidManifest.xml:25:13-29:29
37                <action android:name="android.intent.action.MAIN" />
37-->src\main\AndroidManifest.xml:26:17-69
37-->src\main\AndroidManifest.xml:26:25-66
38
39                <category android:name="android.intent.category.LAUNCHER" />
39-->src\main\AndroidManifest.xml:28:17-77
39-->src\main\AndroidManifest.xml:28:27-74
40            </intent-filter>
41        </activity>
42        <activity android:name="com.example.myapplication.DetailActivity" >
42-->src\main\AndroidManifest.xml:32:9-33:20
42-->src\main\AndroidManifest.xml:32:19-49
43        </activity>
44        <activity android:name="com.example.myapplication.PlayersList" >
44-->src\main\AndroidManifest.xml:34:3-35:20
44-->src\main\AndroidManifest.xml:34:13-40
45        </activity>
46    </application>
47
48</manifest>